-- The C compiler identification is GNU 13.3.0
-- The CXX compiler identification is GNU 13.3.0
-- Detecting C compiler ABI info
-- Detecting C compiler ABI info - done
-- Check for working C compiler: /usr/bin/cc - skipped
-- Detecting C compile features
-- Detecting C compile features - done
-- Detecting CXX compiler ABI info
-- Detecting CXX compiler ABI info - done
-- Check for working CXX compiler: /usr/bin/c++ - skipped
-- Detecting CXX compile features
-- Detecting CXX compile features - done
-- Found ament_cmake: 2.5.5 (/opt/ros/jazzy/share/ament_cmake/cmake)
-- Found Python3: /usr/bin/python3 (found version "3.12.3") found components: Interpreter 
-- Found rclcpp: 28.1.16 (/opt/ros/jazzy/share/rclcpp/cmake)
-- Found rosidl_generator_c: 4.6.7 (/opt/ros/jazzy/share/rosidl_generator_c/cmake)
-- Found rosidl_generator_cpp: 4.6.7 (/opt/ros/jazzy/share/rosidl_generator_cpp/cmake)
-- Using all available rosidl_typesupport_c: rosidl_typesupport_fastrtps_c;rosidl_typesupport_introspection_c
-- Using all available rosidl_typesupport_cpp: rosidl_typesupport_fastrtps_cpp;rosidl_typesupport_introspection_cpp
-- Found rmw_implementation_cmake: 7.3.3 (/opt/ros/jazzy/share/rmw_implementation_cmake/cmake)
-- Found rmw_fastrtps_cpp: 8.4.3 (/opt/ros/jazzy/share/rmw_fastrtps_cpp/cmake)
-- Found OpenSSL: /usr/lib/aarch64-linux-gnu/libcrypto.so (found version "3.0.13")  
-- Found FastRTPS: /opt/ros/jazzy/include (Required is at least version "2.13") 
-- Using RMW implementation 'rmw_fastrtps_cpp' as default
-- Found sensor_msgs: 5.3.6 (/opt/ros/jazzy/share/sensor_msgs/cmake)
-- Configuring done (1.2s)
-- Generating done (0.0s)
-- Build files have been written to: /home/insojo/ros2_ws/build/autonomous_navigation_sim
[ 50%] [32mBuilding CXX object CMakeFiles/fake_scan_node.dir/src/fake_scan_node.cpp.o[0m
[ 50%] [32mBuilding CXX object CMakeFiles/safety_monitor_node.dir/src/safety_monitor_node.cpp.o[0m
[ 50%] [32mBuilding CXX object CMakeFiles/perception_node.dir/src/perception_node.cpp.o[0m
[ 66%] [32m[1mLinking CXX executable fake_scan_node[0m
[ 66%] Built target fake_scan_node
[ 83%] [32m[1mLinking CXX executable safety_monitor_node[0m
[ 83%] Built target safety_monitor_node
[100%] [32m[1mLinking CXX executable perception_node[0m
[100%] Built target perception_node
-- Install configuration: ""
-- Installing: /home/insojo/ros2_ws/install/autonomous_navigation_sim/lib/autonomous_navigation_sim/fake_scan_node
-- Set non-toolchain portion of runtime path of "/home/insojo/ros2_ws/install/autonomous_navigation_sim/lib/autonomous_navigation_sim/fake_scan_node" to ""
-- Installing: /home/insojo/ros2_ws/install/autonomous_navigation_sim/lib/autonomous_navigation_sim/perception_node
-- Set non-toolchain portion of runtime path of "/home/insojo/ros2_ws/install/autonomous_navigation_sim/lib/autonomous_navigation_sim/perception_node" to ""
-- Installing: /home/insojo/ros2_ws/install/autonomous_navigation_sim/lib/autonomous_navigation_sim/safety_monitor_node
-- Set non-toolchain portion of runtime path of "/home/insojo/ros2_ws/install/autonomous_navigation_sim/lib/autonomous_navigation_sim/safety_monitor_node" to ""
-- Installing: /home/insojo/ros2_ws/install/autonomous_navigation_sim/share/autonomous_navigation_sim/launch
-- Installing: /home/insojo/ros2_ws/install/autonomous_navigation_sim/share/autonomous_navigation_sim/launch/phase1.launch.py
-- Installing: /home/insojo/ros2_ws/install/autonomous_navigation_sim/share/ament_index/resource_index/package_run_dependencies/autonomous_navigation_sim
-- Installing: /home/insojo/ros2_ws/install/autonomous_navigation_sim/share/ament_index/resource_index/parent_prefix_path/autonomous_navigation_sim
-- Installing: /home/insojo/ros2_ws/install/autonomous_navigation_sim/share/autonomous_navigation_sim/environment/ament_prefix_path.sh
-- Installing: /home/insojo/ros2_ws/install/autonomous_navigation_sim/share/autonomous_navigation_sim/environment/ament_prefix_path.dsv
-- Installing: /home/insojo/ros2_ws/install/autonomous_navigation_sim/share/autonomous_navigation_sim/environment/path.sh
-- Installing: /home/insojo/ros2_ws/install/autonomous_navigation_sim/share/autonomous_navigation_sim/environment/path.dsv
-- Installing: /home/insojo/ros2_ws/install/autonomous_navigation_sim/share/autonomous_navigation_sim/local_setup.bash
-- Installing: /home/insojo/ros2_ws/install/autonomous_navigation_sim/share/autonomous_navigation_sim/local_setup.sh
-- Installing: /home/insojo/ros2_ws/install/autonomous_navigation_sim/share/autonomous_navigation_sim/local_setup.zsh
-- Installing: /home/insojo/ros2_ws/install/autonomous_navigation_sim/share/autonomous_navigation_sim/local_setup.dsv
-- Installing: /home/insojo/ros2_ws/install/autonomous_navigation_sim/share/autonomous_navigation_sim/package.dsv
-- Installing: /home/insojo/ros2_ws/install/autonomous_navigation_sim/share/ament_index/resource_index/packages/autonomous_navigation_sim
-- Installing: /home/insojo/ros2_ws/install/autonomous_navigation_sim/share/autonomous_navigation_sim/cmake/autonomous_navigation_simConfig.cmake
-- Installing: /home/insojo/ros2_ws/install/autonomous_navigation_sim/share/autonomous_navigation_sim/cmake/autonomous_navigation_simConfig-version.cmake
-- Installing: /home/insojo/ros2_ws/install/autonomous_navigation_sim/share/autonomous_navigation_sim/package.xml
