[0.033s] Invoking command in '/home/insojo/ros2_ws/build/autonomous_navigation_sim': CMAKE_PREFIX_PATH=${CMAKE_PREFIX_PATH}:/opt/ros/jazzy DEBUGINFOD_URLS=https://debuginfod.ubuntu.com /usr/bin/cmake /home/insojo/ros2_ws/src/autonomous_navigation_sim -DCMAKE_INSTALL_PREFIX=/home/insojo/ros2_ws/install/autonomous_navigation_sim
[0.201s] -- The C compiler identification is GNU 13.3.0
[0.315s] -- The CXX compiler identification is GNU 13.3.0
[0.337s] -- Detecting C compiler ABI info
[0.491s] -- Detecting C compiler ABI info - done
[0.537s] -- Check for working C compiler: /usr/bin/cc - skipped
[0.537s] -- Detecting C compile features
[0.538s] -- Detecting C compile features - done
[0.555s] -- Detecting CXX compiler ABI info
[0.652s] -- Detecting CXX compiler ABI info - done
[0.660s] -- Check for working CXX compiler: /usr/bin/c++ - skipped
[0.661s] -- Detecting CXX compile features
[0.661s] -- Detecting CXX compile features - done
[0.675s] -- Found ament_cmake: 2.5.5 (/opt/ros/jazzy/share/ament_cmake/cmake)
[0.795s] -- Found Python3: /usr/bin/python3 (found version "3.12.3") found components: Interpreter 
[0.881s] -- Found rclcpp: 28.1.16 (/opt/ros/jazzy/share/rclcpp/cmake)
[0.929s] -- Found rosidl_generator_c: 4.6.7 (/opt/ros/jazzy/share/rosidl_generator_c/cmake)
[0.946s] -- Found rosidl_generator_cpp: 4.6.7 (/opt/ros/jazzy/share/rosidl_generator_cpp/cmake)
[0.961s] -- Using all available rosidl_typesupport_c: rosidl_typesupport_fastrtps_c;rosidl_typesupport_introspection_c
[0.977s] -- Using all available rosidl_typesupport_cpp: rosidl_typesupport_fastrtps_cpp;rosidl_typesupport_introspection_cpp
[1.049s] -- Found rmw_implementation_cmake: 7.3.3 (/opt/ros/jazzy/share/rmw_implementation_cmake/cmake)
[1.052s] -- Found rmw_fastrtps_cpp: 8.4.3 (/opt/ros/jazzy/share/rmw_fastrtps_cpp/cmake)
[1.108s] -- Found OpenSSL: /usr/lib/aarch64-linux-gnu/libcrypto.so (found version "3.0.13")  
[1.128s] -- Found FastRTPS: /opt/ros/jazzy/include (Required is at least version "2.13") 
[1.147s] -- Using RMW implementation 'rmw_fastrtps_cpp' as default
[1.207s] -- Found sensor_msgs: 5.3.6 (/opt/ros/jazzy/share/sensor_msgs/cmake)
[1.310s] -- Configuring done (1.2s)
[1.329s] -- Generating done (0.0s)
[1.337s] -- Build files have been written to: /home/insojo/ros2_ws/build/autonomous_navigation_sim
[1.345s] Invoked command in '/home/insojo/ros2_ws/build/autonomous_navigation_sim' returned '0': CMAKE_PREFIX_PATH=${CMAKE_PREFIX_PATH}:/opt/ros/jazzy DEBUGINFOD_URLS=https://debuginfod.ubuntu.com /usr/bin/cmake /home/insojo/ros2_ws/src/autonomous_navigation_sim -DCMAKE_INSTALL_PREFIX=/home/insojo/ros2_ws/install/autonomous_navigation_sim
[1.346s] Invoking command in '/home/insojo/ros2_ws/build/autonomous_navigation_sim': CMAKE_PREFIX_PATH=${CMAKE_PREFIX_PATH}:/opt/ros/jazzy DEBUGINFOD_URLS=https://debuginfod.ubuntu.com /usr/bin/cmake --build /home/insojo/ros2_ws/build/autonomous_navigation_sim -- -j4 -l4
[1.381s] [ 50%] [32mBuilding CXX object CMakeFiles/fake_scan_node.dir/src/fake_scan_node.cpp.o[0m
[1.381s] [ 50%] [32mBuilding CXX object CMakeFiles/safety_monitor_node.dir/src/safety_monitor_node.cpp.o[0m
[1.381s] [ 50%] [32mBuilding CXX object CMakeFiles/perception_node.dir/src/perception_node.cpp.o[0m
[7.487s] [ 66%] [32m[1mLinking CXX executable fake_scan_node[0m
[7.732s] [ 66%] Built target fake_scan_node
[10.271s] [ 83%] [32m[1mLinking CXX executable safety_monitor_node[0m
[10.495s] [ 83%] Built target safety_monitor_node
[10.784s] [100%] [32m[1mLinking CXX executable perception_node[0m
[11.011s] [100%] Built target perception_node
[11.031s] Invoked command in '/home/insojo/ros2_ws/build/autonomous_navigation_sim' returned '0': CMAKE_PREFIX_PATH=${CMAKE_PREFIX_PATH}:/opt/ros/jazzy DEBUGINFOD_URLS=https://debuginfod.ubuntu.com /usr/bin/cmake --build /home/insojo/ros2_ws/build/autonomous_navigation_sim -- -j4 -l4
[11.044s] Invoking command in '/home/insojo/ros2_ws/build/autonomous_navigation_sim': CMAKE_PREFIX_PATH=${CMAKE_PREFIX_PATH}:/opt/ros/jazzy DEBUGINFOD_URLS=https://debuginfod.ubuntu.com /usr/bin/cmake --install /home/insojo/ros2_ws/build/autonomous_navigation_sim
[11.056s] -- Install configuration: ""
[11.056s] -- Installing: /home/insojo/ros2_ws/install/autonomous_navigation_sim/lib/autonomous_navigation_sim/fake_scan_node
[11.057s] -- Set non-toolchain portion of runtime path of "/home/insojo/ros2_ws/install/autonomous_navigation_sim/lib/autonomous_navigation_sim/fake_scan_node" to ""
[11.057s] -- Installing: /home/insojo/ros2_ws/install/autonomous_navigation_sim/lib/autonomous_navigation_sim/perception_node
[11.060s] -- Set non-toolchain portion of runtime path of "/home/insojo/ros2_ws/install/autonomous_navigation_sim/lib/autonomous_navigation_sim/perception_node" to ""
[11.060s] -- Installing: /home/insojo/ros2_ws/install/autonomous_navigation_sim/lib/autonomous_navigation_sim/safety_monitor_node
[11.063s] -- Set non-toolchain portion of runtime path of "/home/insojo/ros2_ws/install/autonomous_navigation_sim/lib/autonomous_navigation_sim/safety_monitor_node" to ""
[11.063s] -- Installing: /home/insojo/ros2_ws/install/autonomous_navigation_sim/share/autonomous_navigation_sim/launch
[11.063s] -- Installing: /home/insojo/ros2_ws/install/autonomous_navigation_sim/share/autonomous_navigation_sim/launch/phase1.launch.py
[11.063s] -- Installing: /home/insojo/ros2_ws/install/autonomous_navigation_sim/share/ament_index/resource_index/package_run_dependencies/autonomous_navigation_sim
[11.064s] -- Installing: /home/insojo/ros2_ws/install/autonomous_navigation_sim/share/ament_index/resource_index/parent_prefix_path/autonomous_navigation_sim
[11.064s] -- Installing: /home/insojo/ros2_ws/install/autonomous_navigation_sim/share/autonomous_navigation_sim/environment/ament_prefix_path.sh
[11.064s] -- Installing: /home/insojo/ros2_ws/install/autonomous_navigation_sim/share/autonomous_navigation_sim/environment/ament_prefix_path.dsv
[11.064s] -- Installing: /home/insojo/ros2_ws/install/autonomous_navigation_sim/share/autonomous_navigation_sim/environment/path.sh
[11.064s] -- Installing: /home/insojo/ros2_ws/install/autonomous_navigation_sim/share/autonomous_navigation_sim/environment/path.dsv
[11.064s] -- Installing: /home/insojo/ros2_ws/install/autonomous_navigation_sim/share/autonomous_navigation_sim/local_setup.bash
[11.064s] -- Installing: /home/insojo/ros2_ws/install/autonomous_navigation_sim/share/autonomous_navigation_sim/local_setup.sh
[11.064s] -- Installing: /home/insojo/ros2_ws/install/autonomous_navigation_sim/share/autonomous_navigation_sim/local_setup.zsh
[11.065s] -- Installing: /home/insojo/ros2_ws/install/autonomous_navigation_sim/share/autonomous_navigation_sim/local_setup.dsv
[11.065s] -- Installing: /home/insojo/ros2_ws/install/autonomous_navigation_sim/share/autonomous_navigation_sim/package.dsv
[11.065s] -- Installing: /home/insojo/ros2_ws/install/autonomous_navigation_sim/share/ament_index/resource_index/packages/autonomous_navigation_sim
[11.065s] -- Installing: /home/insojo/ros2_ws/install/autonomous_navigation_sim/share/autonomous_navigation_sim/cmake/autonomous_navigation_simConfig.cmake
[11.065s] -- Installing: /home/insojo/ros2_ws/install/autonomous_navigation_sim/share/autonomous_navigation_sim/cmake/autonomous_navigation_simConfig-version.cmake
[11.065s] -- Installing: /home/insojo/ros2_ws/install/autonomous_navigation_sim/share/autonomous_navigation_sim/package.xml
[11.069s] Invoked command in '/home/insojo/ros2_ws/build/autonomous_navigation_sim' returned '0': CMAKE_PREFIX_PATH=${CMAKE_PREFIX_PATH}:/opt/ros/jazzy DEBUGINFOD_URLS=https://debuginfod.ubuntu.com /usr/bin/cmake --install /home/insojo/ros2_ws/build/autonomous_navigation_sim
